\BOOKMARK [-1][]{part.1}{\376\377\000I\000\040\000P\000r\000e\000l\000i\000m\000i\000n\000a\000r\000i\000e\000s}{}% 1
\BOOKMARK [0][]{chapter.1}{\376\377\0001\000\040\000I\000n\000t\000r\000o\000d\000u\000c\000t\000i\000o\000n}{part.1}% 2
\BOOKMARK [0][]{chapter.2}{\376\377\0002\000\040\000F\000r\000o\000m\000\040\000S\000t\000r\000i\000n\000g\000\040\000T\000h\000e\000o\000r\000y\000\040\000t\000o\000\040\000t\000h\000e\000\040\000S\000w\000a\000m\000p\000l\000a\000n\000d\000\040\000P\000r\000o\000g\000r\000a\000m}{part.1}% 3
\BOOKMARK [1][]{section.2.1}{\376\377\0002\000.\0001\000\040\000B\000a\000s\000i\000c\000s\000\040\000o\000f\000\040\000s\000t\000r\000i\000n\000g\000\040\000t\000h\000e\000o\000r\000y}{chapter.2}% 4
\BOOKMARK [1][]{section.2.2}{\376\377\0002\000.\0002\000\040\000M\000a\000x\000i\000m\000a\000l\000l\000y\000\040\000s\000u\000p\000e\000r\000s\000y\000m\000m\000e\000t\000r\000i\000c\000\040\000t\000h\000e\000o\000r\000i\000e\000s}{chapter.2}% 5
\BOOKMARK [2][]{subsection.2.2.1}{\376\377\0002\000.\0002\000.\0001\000\040\0001\0001\000d\000\040\000M\000-\000t\000h\000e\000o\000r\000y}{section.2.2}% 6
\BOOKMARK [2][]{subsection.2.2.2}{\376\377\0002\000.\0002\000.\0002\000\040\000T\000y\000p\000e\000\040\000I\000I\000\040\000s\000u\000p\000e\000r\000g\000r\000a\000v\000i\000t\000y\000\040\000i\000n\000\040\0001\0000\000d}{section.2.2}% 7
\BOOKMARK [2][]{subsection.2.2.3}{\376\377\0002\000.\0002\000.\0003\000\040\000M\000a\000x\000i\000m\000a\000l\000\040\000s\000u\000p\000e\000r\000g\000r\000a\000v\000i\000t\000y\000\040\000i\000n\000\040\0009\000d}{section.2.2}% 8
\BOOKMARK [2][]{subsection.2.2.4}{\376\377\0002\000.\0002\000.\0004\000\040\000M\000a\000x\000i\000m\000a\000l\000\040\000s\000u\000p\000e\000r\000g\000r\000a\000v\000i\000t\000y\000\040\000i\000n\000\040\0008\000d}{section.2.2}% 9
\BOOKMARK [1][]{section.2.3}{\376\377\0002\000.\0003\000\040\000T\000h\000e\000o\000r\000i\000e\000s\000\040\000w\000i\000t\000h\000\040\000r\000e\000d\000u\000c\000e\000d\000\040\000s\000u\000p\000e\000r\000s\000y\000m\000m\000e\000t\000r\000y}{chapter.2}% 10
\BOOKMARK [2][]{subsection.2.3.1}{\376\377\0002\000.\0003\000.\0001\000\040\000C\000o\000m\000p\000a\000c\000t\000i\000f\000i\000c\000a\000t\000i\000o\000n\000s\000\040\000p\000r\000e\000s\000e\000r\000v\000i\000n\000g\000\040\0001\0006\000\040\000s\000u\000p\000e\000r\000c\000h\000a\000r\000g\000e\000s}{section.2.3}% 11
\BOOKMARK [2][]{subsection.2.3.2}{\376\377\0002\000.\0003\000.\0002\000\040\000C\000o\000m\000p\000a\000c\000t\000i\000f\000i\000c\000a\000t\000i\000o\000n\000s\000\040\000p\000r\000e\000s\000e\000r\000v\000i\000n\000g\000\040\0008\000\040\000s\000u\000p\000e\000r\000c\000h\000a\000r\000g\000e\000s}{section.2.3}% 12
\BOOKMARK [1][]{section.2.4}{\376\377\0002\000.\0004\000\040\000S\000t\000r\000i\000n\000g\000\040\000d\000u\000a\000l\000i\000t\000i\000e\000s}{chapter.2}% 13
\BOOKMARK [2][]{subsection.2.4.1}{\376\377\0002\000.\0004\000.\0001\000\040\000D\000u\000a\000l\000i\000t\000y\000\040\000s\000y\000m\000m\000e\000t\000r\000i\000e\000s\000\040\000w\000i\000t\000h\000\040\000h\000i\000g\000h\000e\000r\000\040\000s\000u\000p\000e\000r\000s\000y\000m\000m\000e\000t\000r\000y}{section.2.4}% 14
\BOOKMARK [2][]{subsection.2.4.2}{\376\377\0002\000.\0004\000.\0002\000\040\000D\000u\000a\000l\000i\000t\000y\000\040\000s\000y\000m\000m\000e\000t\000r\000i\000e\000s\000\040\000w\000i\000t\000h\000\040\000l\000o\000w\000e\000r\000\040\000s\000u\000p\000e\000r\000s\000y\000m\000m\000e\000t\000r\000y}{section.2.4}% 15
\BOOKMARK [1][]{section.2.5}{\376\377\0002\000.\0005\000\040\000T\000h\000e\000\040\000S\000w\000a\000m\000p\000l\000a\000n\000d\000\040\000p\000r\000o\000g\000r\000a\000m}{chapter.2}% 16
\BOOKMARK [2][]{subsection.2.5.1}{\376\377\0002\000.\0005\000.\0001\000\040\000T\000h\000e\000\040\000W\000e\000a\000k\000\040\000G\000r\000a\000v\000i\000t\000y\000\040\000C\000o\000n\000j\000e\000c\000t\000u\000r\000e}{section.2.5}% 17
\BOOKMARK [2][]{subsection.2.5.2}{\376\377\0002\000.\0005\000.\0002\000\040\000T\000h\000e\000\040\000D\000i\000s\000t\000a\000n\000c\000e\000\040\000C\000o\000n\000j\000e\000c\000t\000u\000r\000e}{section.2.5}% 18
\BOOKMARK [-1][]{part.2}{\376\377\000I\000I\000\040\000T\000h\000e\000\040\000Q\000u\000a\000n\000t\000u\000m\000\040\000G\000r\000a\000v\000i\000t\000y\000\040\000S\000c\000a\000l\000e}{}% 19
\BOOKMARK [0][]{chapter.3}{\376\377\0003\000\040\000T\000h\000e\000\040\000S\000p\000e\000c\000i\000e\000s\000\040\000S\000c\000a\000l\000e\000\040\000a\000s\000\040\000t\000h\000e\000\040\000Q\000u\000a\000n\000t\000u\000m\000\040\000G\000r\000a\000v\000i\000t\000y\000\040\000c\000u\000t\000-\000o\000f\000f}{part.2}% 20
\BOOKMARK [1][]{section.3.1}{\376\377\0003\000.\0001\000\040\000G\000e\000n\000e\000r\000a\000l\000\040\000r\000e\000l\000a\000t\000i\000v\000i\000t\000y\000\040\000a\000s\000\040\000a\000n\000\040\000e\000f\000f\000e\000c\000t\000i\000v\000e\000\040\000f\000i\000e\000l\000d\000\040\000t\000h\000e\000o\000r\000y}{chapter.3}% 21
\BOOKMARK [2][]{subsection.3.1.1}{\376\377\0003\000.\0001\000.\0001\000\040\000N\000o\000n\000-\000r\000e\000n\000o\000r\000m\000a\000l\000i\000z\000a\000b\000l\000e\000\040\000f\000i\000e\000l\000d\000\040\000t\000h\000e\000o\000r\000i\000e\000s}{section.3.1}% 22
\BOOKMARK [2][]{subsection.3.1.2}{\376\377\0003\000.\0001\000.\0002\000\040\000T\000h\000e\000\040\000g\000r\000a\000v\000i\000t\000a\000t\000i\000o\000n\000a\000l\000\040\000E\000F\000T}{section.3.1}% 23
\BOOKMARK [1][]{section.3.2}{\376\377\0003\000.\0002\000\040\000G\000r\000a\000v\000i\000t\000y\000\040\000i\000n\000\040\000t\000h\000e\000\040\000p\000r\000e\000s\000e\000n\000c\000e\000\040\000o\000f\000\040\000a\000\040\000l\000a\000r\000g\000e\000\040\000n\000u\000m\000b\000e\000r\000\040\000o\000f\000\040\000s\000p\000e\000c\000i\000e\000s}{chapter.3}% 24
\BOOKMARK [2][]{subsection.3.2.1}{\376\377\0003\000.\0002\000.\0001\000\040\000N\000o\000n\000-\000p\000e\000r\000t\000u\000r\000b\000a\000t\000i\000v\000e\000\040\000a\000n\000a\000l\000y\000s\000i\000s}{section.3.2}% 25
\BOOKMARK [2][]{subsection.3.2.2}{\376\377\0003\000.\0002\000.\0002\000\040\000P\000e\000r\000t\000u\000r\000b\000a\000t\000i\000v\000e\000\040\000a\000n\000a\000l\000y\000s\000i\000s}{section.3.2}% 26
\BOOKMARK [1][]{section.3.3}{\376\377\0003\000.\0003\000\040\000T\000h\000e\000\040\000s\000p\000e\000c\000i\000e\000s\000\040\000s\000c\000a\000l\000e\000\040\000i\000n\000\040\000q\000u\000a\000n\000t\000u\000m\000\040\000g\000r\000a\000v\000i\000t\000y}{chapter.3}% 27
\BOOKMARK [2][]{subsection.3.3.1}{\376\377\0003\000.\0003\000.\0001\000\040\000W\000h\000y\000\040\000y\000o\000u\000\040\000g\000e\000t\000\040\000o\000l\000d}{section.3.3}% 28
\BOOKMARK [2][]{subsection.3.3.2}{\376\377\0003\000.\0003\000.\0002\000\040\000A\000n\000\040\000a\000l\000g\000o\000r\000i\000t\000h\000m\000i\000c\000\040\000p\000r\000o\000c\000e\000d\000u\000r\000e\000\040\000i\000n\000\040\000t\000h\000e\000\040\000p\000r\000e\000s\000e\000n\000c\000e\000\040\000o\000f\000\040\000m\000u\000l\000t\000i\000p\000l\000e\000\040\000t\000o\000w\000e\000r\000s}{section.3.3}% 29
\BOOKMARK [1][]{section.3.4}{\376\377\0003\000.\0004\000\040\000S\000u\000m\000m\000a\000r\000y}{chapter.3}% 30
\BOOKMARK [-1][]{part.3}{\376\377\000I\000I\000I\000\040\000S\000t\000r\000i\000n\000g\000\040\000T\000h\000e\000o\000r\000y\000\040\000T\000e\000s\000t\000s\000\040\000a\000n\000d\000\040\000A\000p\000p\000l\000i\000c\000a\000t\000i\000o\000n\000s}{}% 31
\BOOKMARK [0][]{chapter.4}{\376\377\0004\000\040\000H\000i\000g\000h\000e\000r\000-\000c\000u\000r\000v\000a\000t\000u\000r\000e\000\040\000C\000o\000r\000r\000e\000c\000t\000i\000o\000n\000s\000\040\000i\000n\000\040\000S\000t\000r\000i\000n\000g\000\040\000T\000h\000e\000o\000r\000y}{part.3}% 32
\BOOKMARK [1][]{section.4.1}{\376\377\0004\000.\0001\000\040\000S\000t\000r\000i\000n\000g\000\040\000t\000h\000e\000o\000r\000y\000\040\000e\000x\000a\000m\000p\000l\000e\000s\000\040\000i\000n\000\040\000h\000i\000g\000h\000e\000r\000\040\000d\000i\000m\000e\000n\000s\000i\000o\000n\000s}{chapter.4}% 33
\BOOKMARK [2][]{subsection.4.1.1}{\376\377\0004\000.\0001\000.\0001\000\040\000\040\0001\0000\000d\000\040\000T\000y\000p\000e\000\040\000I\000I\000B\000\040\000s\000t\000r\000i\000n\000g\000\040\000t\000h\000e\000o\000r\000y}{section.4.1}% 34
\BOOKMARK [2][]{subsection.4.1.2}{\376\377\0004\000.\0001\000.\0002\000\040\000\040\0001\0000\000d\000\040\000T\000y\000p\000e\000\040\000I\000I\000A\000\040\000s\000t\000r\000i\000n\000g\000\040\000t\000h\000e\000o\000r\000y}{section.4.1}% 35
\BOOKMARK [2][]{subsection.4.1.3}{\376\377\0004\000.\0001\000.\0003\000\040\000M\000-\000t\000h\000e\000o\000r\000y\000\040\000o\000n\000\040\000T\0002}{section.4.1}% 36
\BOOKMARK [2][]{subsection.4.1.4}{\376\377\0004\000.\0001\000.\0004\000\040\000M\000-\000t\000h\000e\000o\000r\000y\000\040\000o\000n\000\040\000T\0003}{section.4.1}% 37
\BOOKMARK [1][]{section.4.2}{\376\377\0004\000.\0002\000\040\000S\000t\000r\000i\000n\000g\000\040\000t\000h\000e\000o\000r\000y\000\040\000e\000x\000a\000m\000p\000l\000e\000s\000\040\000i\000n\000\040\000l\000o\000w\000e\000r\000\040\000d\000i\000m\000e\000n\000s\000i\000o\000n\000s}{chapter.4}% 38
\BOOKMARK [2][]{subsection.4.2.1}{\376\377\0004\000.\0002\000.\0001\000\040\000T\000h\000e\000\040\000R\0002\040\023\000o\000p\000e\000r\000a\000t\000o\000r}{section.4.2}% 39
\BOOKMARK [2][]{subsection.4.2.2}{\376\377\0004\000.\0002\000.\0002\000\040\000T\000h\000e\000\040\000i\000r\000r\000e\000l\000e\000v\000a\000n\000t\000\040\000o\000p\000e\000r\000a\000t\000o\000r\000s}{section.4.2}% 40
\BOOKMARK [2][]{subsection.4.2.3}{\376\377\0004\000.\0002\000.\0003\000\040\000G\000e\000n\000e\000r\000a\000l\000\040\000l\000e\000s\000s\000o\000n\000s}{section.4.2}% 41
\BOOKMARK [1][]{section.4.3}{\376\377\0004\000.\0003\000\040\000S\000u\000m\000m\000a\000r\000y}{chapter.4}% 42
\BOOKMARK [0][]{chapter.5}{\376\377\0005\000\040\000T\000h\000e\000\040\000E\000m\000e\000r\000g\000e\000n\000c\000e\000\040\000P\000r\000o\000p\000o\000s\000a\000l}{part.3}% 43
\BOOKMARK [1][]{section.5.1}{\376\377\0005\000.\0001\000\040\000E\000m\000e\000r\000g\000e\000n\000c\000e\000\040\000i\000n\000\040\000q\000u\000a\000n\000t\000u\000m\000\040\000f\000i\000e\000l\000d\000\040\000t\000h\000e\000o\000r\000y}{chapter.5}% 44
\BOOKMARK [1][]{section.5.2}{\376\377\0005\000.\0002\000\040\000E\000m\000e\000r\000g\000e\000n\000c\000e\000\040\000i\000n\000\040\000q\000u\000a\000n\000t\000u\000m\000\040\000g\000r\000a\000v\000i\000t\000y}{chapter.5}% 45
\BOOKMARK [2][]{subsection.5.2.1}{\376\377\0005\000.\0002\000.\0001\000\040\000E\000m\000e\000r\000g\000e\000n\000c\000e\000\040\000o\000f\000\040\000t\000h\000e\000\040\000g\000r\000a\000v\000i\000t\000o\000n\000\040\000a\000n\000d\000\040\000t\000h\000e\000\040\000s\000p\000e\000c\000i\000e\000s\000\040\000c\000u\000t\000-\000o\000f\000f}{section.5.2}% 46
\BOOKMARK [2][]{subsection.5.2.2}{\376\377\0005\000.\0002\000.\0002\000\040\000R\000e\000l\000a\000t\000i\000o\000n\000\040\000t\000o\000\040\000t\000h\000e\000\040\000S\000w\000a\000m\000p\000l\000a\000n\000d\000\040\000c\000o\000n\000j\000e\000c\000t\000u\000r\000e\000s}{section.5.2}% 47
\BOOKMARK [2][]{subsection.5.2.3}{\376\377\0005\000.\0002\000.\0003\000\040\000C\000l\000a\000s\000s\000i\000c\000a\000l\000\040\000m\000e\000t\000r\000i\000c\000s\000\040\000f\000r\000o\000m\000\040\000q\000u\000a\000n\000t\000u\000m\000\040\000e\000f\000f\000e\000c\000t\000s}{section.5.2}% 48
\BOOKMARK [1][]{section.5.3}{\376\377\0005\000.\0003\000\040\000K\000i\000n\000e\000t\000i\000c\000\040\000t\000e\000r\000m\000s\000\040\000f\000r\000o\000m\000\040\000o\000n\000e\000-\000l\000o\000o\000p\000\040\000c\000o\000r\000r\000e\000c\000t\000i\000o\000n\000s}{chapter.5}% 49
\BOOKMARK [2][]{subsection.5.3.1}{\376\377\0005\000.\0003\000.\0001\000\040\000E\000m\000e\000r\000g\000e\000n\000c\000e\000\040\000o\000f\000\040\000m\000o\000d\000u\000l\000i\000\040\000m\000e\000t\000r\000i\000c\000s}{section.5.3}% 50
\BOOKMARK [2][]{subsection.5.3.2}{\376\377\0005\000.\0003\000.\0002\000\040\000E\000m\000e\000r\000g\000e\000n\000c\000e\000\040\000o\000f\000\040\000U\000\050\0001\000\051\000\040\000g\000a\000u\000g\000e\000\040\000k\000i\000n\000e\000t\000i\000c\000\040\000t\000e\000r\000m\000s}{section.5.3}% 51
\BOOKMARK [2][]{subsection.5.3.3}{\376\377\0005\000.\0003\000.\0003\000\040\000E\000m\000e\000r\000g\000e\000n\000c\000e\000\040\000o\000f\000\040\000f\000e\000r\000m\000i\000o\000n\000\040\000k\000i\000n\000e\000t\000i\000c\000\040\000t\000e\000r\000m\000s}{section.5.3}% 52
\BOOKMARK [1][]{section.5.4}{\376\377\0005\000.\0004\000\040\000E\000m\000e\000r\000g\000e\000n\000c\000e\000\040\000i\000n\000\040\000s\000t\000r\000i\000n\000g\000\040\000t\000h\000e\000o\000r\000y}{chapter.5}% 53
\BOOKMARK [2][]{subsection.5.4.1}{\376\377\0005\000.\0004\000.\0001\000\040\000E\000m\000e\000r\000g\000e\000n\000c\000e\000\040\000i\000n\000\040\0004\000d\000\040\000N\000=\0002\000\040\000t\000h\000e\000o\000r\000i\000e\000s}{section.5.4}% 54
\BOOKMARK [2][]{subsection.5.4.2}{\376\377\0005\000.\0004\000.\0002\000\040\000E\000m\000e\000r\000g\000e\000n\000c\000e\000\040\000i\000n\000\040\0006\000d\000\040\000N\000=\000\050\0001\000,\0000\000\051\000\040\000t\000h\000e\000o\000r\000i\000e\000s}{section.5.4}% 55
\BOOKMARK [2][]{subsection.5.4.3}{\376\377\0005\000.\0004\000.\0003\000\040\000E\000m\000e\000r\000g\000e\000n\000c\000e\000\040\000i\000n\000\040\0007\000d\000\040\000N\000=\0001\000\040\000t\000h\000e\000o\000r\000i\000e\000s}{section.5.4}% 56
\BOOKMARK [1][]{section.5.5}{\376\377\0005\000.\0005\000\040\000E\000m\000e\000r\000g\000e\000n\000c\000e\000\040\000o\000f\000\040\000h\000i\000g\000h\000e\000r\000-\000d\000i\000m\000e\000n\000s\000i\000o\000n\000a\000l\000\040\000t\000e\000r\000m\000s}{chapter.5}% 57
\BOOKMARK [1][]{section.5.6}{\376\377\0005\000.\0006\000\040\000S\000u\000m\000m\000a\000r\000y}{chapter.5}% 58
\BOOKMARK [-1][]{part.4}{\376\377\000I\000V\000\040\000U\000n\000i\000v\000e\000r\000s\000a\000l\000\040\000c\000o\000n\000s\000t\000r\000a\000i\000n\000t\000s\000\040\000o\000n\000\040\000t\000h\000e\000\040\000S\000p\000e\000c\000i\000e\000s\000\040\000S\000c\000a\000l\000e}{}% 59
\BOOKMARK [0][]{chapter.6}{\376\377\0006\000\040\000B\000o\000u\000n\000d\000s\000\040\000o\000n\000\040\000A\000s\000y\000m\000p\000t\000o\000t\000i\000c\000\040\000D\000e\000c\000a\000y\000\040\000R\000a\000t\000e\000s}{part.4}% 60
\BOOKMARK [1][]{section.6.1}{\376\377\0006\000.\0001\000\040\000A\000\040\000c\000o\000n\000v\000e\000x\000\040\000h\000u\000l\000l\000\040\000c\000o\000n\000d\000i\000t\000i\000o\000n\000\040\000f\000o\000r\000\040\000t\000h\000e\000\040\000s\000p\000e\000c\000i\000e\000s\000\040\000s\000c\000a\000l\000e}{chapter.6}% 61
\BOOKMARK [1][]{section.6.2}{\376\377\0006\000.\0002\000\040\000C\000o\000n\000s\000i\000s\000t\000e\000n\000c\000y\000\040\000o\000f\000\040\000t\000h\000e\000\040\000b\000o\000u\000n\000d\000\040\000u\000n\000d\000e\000r\000\040\000d\000i\000m\000e\000n\000s\000i\000o\000n\000a\000l\000\040\000r\000e\000d\000u\000c\000t\000i\000o\000n}{chapter.6}% 62
\BOOKMARK [2][]{subsection.6.2.1}{\376\377\0006\000.\0002\000.\0001\000\040\000F\000i\000e\000l\000d\000\040\000t\000h\000e\000o\000r\000e\000t\000i\000c\000\040\000c\000o\000n\000s\000i\000d\000e\000r\000a\000t\000i\000o\000n\000s}{section.6.2}% 63
\BOOKMARK [2][]{subsection.6.2.2}{\376\377\0006\000.\0002\000.\0002\000\040\000B\000e\000y\000o\000n\000d\000\040\000f\000i\000e\000l\000d\000\040\000t\000h\000e\000o\000r\000y}{section.6.2}% 64
\BOOKMARK [1][]{section.6.3}{\376\377\0006\000.\0003\000\040\000S\000t\000r\000i\000n\000g\000\040\000t\000h\000e\000o\000r\000y\000\040\000e\000v\000i\000d\000e\000n\000c\000e}{chapter.6}% 65
\BOOKMARK [2][]{subsection.6.3.1}{\376\377\0006\000.\0003\000.\0001\000\040\000M\000-\000t\000h\000e\000o\000r\000y\000\040\000o\000n\000\040\000T\0002}{section.6.3}% 66
\BOOKMARK [2][]{subsection.6.3.2}{\376\377\0006\000.\0003\000.\0002\000\040\000M\000-\000t\000h\000e\000o\000r\000y\000\040\000o\000n\000\040\000T\0003}{section.6.3}% 67
\BOOKMARK [2][]{subsection.6.3.3}{\376\377\0006\000.\0003\000.\0003\000\040\000M\000-\000t\000h\000e\000o\000r\000y\000\040\000o\000n\000\040\000T\000k}{section.6.3}% 68
\BOOKMARK [1][]{section.6.4}{\376\377\0006\000.\0004\000\040\000S\000u\000m\000m\000a\000r\000y}{chapter.6}% 69
\BOOKMARK [0][]{chapter.7}{\376\377\0007\000\040\000A\000\040\000U\000n\000i\000v\000e\000r\000s\000a\000l\000\040\000P\000a\000t\000t\000e\000r\000n\000\040\000a\000t\000\040\000I\000n\000f\000i\000n\000i\000t\000e\000\040\000D\000i\000s\000t\000a\000n\000c\000e}{part.4}% 70
\BOOKMARK [1][]{section.7.1}{\376\377\0007\000.\0001\000\040\000T\000h\000e\000\040\000p\000a\000t\000t\000e\000r\000n\000\040\000a\000n\000d\000\040\000i\000t\000s\000\040\000c\000o\000n\000s\000e\000q\000u\000e\000n\000c\000e\000s}{chapter.7}% 71
\BOOKMARK [1][]{section.7.2}{\376\377\0007\000.\0002\000\040\000D\000e\000r\000i\000v\000i\000n\000g\000\040\000t\000h\000e\000\040\000p\000a\000t\000t\000e\000r\000n\000\040\000i\000n\000\040\000m\000a\000x\000i\000m\000a\000l\000\040\000s\000u\000p\000e\000r\000g\000r\000a\000v\000i\000t\000y}{chapter.7}% 72
\BOOKMARK [2][]{subsection.7.2.1}{\376\377\0007\000.\0002\000.\0001\000\040\000S\000u\000m\000m\000a\000r\000y\000\040\000o\000f\000\040\000u\000n\000d\000e\000r\000l\000y\000i\000n\000g\000\040\000k\000e\000y\000\040\000f\000e\000a\000t\000u\000r\000e\000s}{section.7.2}% 73
\BOOKMARK [2][]{subsection.7.2.2}{\376\377\0007\000.\0002\000.\0002\000\040\000M\000a\000x\000i\000m\000a\000l\000\040\000s\000u\000p\000e\000r\000g\000r\000a\000v\000i\000t\000y\000\040\000i\000n\000\040\0009\000d}{section.7.2}% 74
\BOOKMARK [2][]{subsection.7.2.3}{\376\377\0007\000.\0002\000.\0003\000\040\000M\000a\000x\000i\000m\000a\000l\000\040\000s\000u\000p\000e\000r\000g\000r\000a\000v\000i\000t\000y\000\040\000i\000n\000\040\0008\000d}{section.7.2}% 75
\BOOKMARK [2][]{subsection.7.2.4}{\376\377\0007\000.\0002\000.\0004\000\040\000M\000a\000x\000i\000m\000a\000l\000\040\000s\000u\000p\000e\000r\000g\000r\000a\000v\000i\000t\000y\000\040\000i\000n\000\040\000d\000<\0008}{section.7.2}% 76
\BOOKMARK [1][]{section.7.3}{\376\377\0007\000.\0003\000\040\000E\000x\000a\000m\000p\000l\000e\000s\000\040\000i\000n\000\040\000s\000e\000t\000-\000u\000p\000s\000\040\000w\000i\000t\000h\000\040\0001\0006\000\040\000s\000u\000p\000e\000r\000c\000h\000a\000r\000g\000e\000s}{chapter.7}% 77
\BOOKMARK [2][]{subsection.7.3.1}{\376\377\0007\000.\0003\000.\0001\000\040\000H\000e\000t\000e\000r\000o\000t\000i\000c\000\040\000s\000t\000r\000i\000n\000g\000\040\000t\000h\000e\000o\000r\000y\000\040\000i\000n\000\040\0009\000d}{section.7.3}% 78
\BOOKMARK [2][]{subsection.7.3.2}{\376\377\0007\000.\0003\000.\0002\000\040\000M\000-\000t\000h\000e\000o\000r\000y\000\040\000i\000n\000\040\0007\000d}{section.7.3}% 79
\BOOKMARK [1][]{section.7.4}{\376\377\0007\000.\0004\000\040\000E\000x\000a\000m\000p\000l\000e\000s\000\040\000i\000n\000\040\0004\000d\000\040\000N\000=\0002\000\040\000E\000F\000T\000s}{chapter.7}% 80
\BOOKMARK [2][]{subsection.7.4.1}{\376\377\0007\000.\0004\000.\0001\000\040\000T\000h\000e\000\040\000v\000e\000c\000t\000o\000r\000\040\000m\000u\000l\000t\000i\000p\000l\000e\000t\000\040\000m\000o\000d\000u\000l\000i\000\040\000s\000p\000a\000c\000e}{section.7.4}% 81
\BOOKMARK [2][]{subsection.7.4.2}{\376\377\0007\000.\0004\000.\0002\000\040\000T\000y\000p\000e\000\040\000I\000V\000\040\000l\000i\000m\000i\000t\000s\000:\000\040\000M\000-\000t\000h\000e\000o\000r\000y\000\040\000c\000i\000r\000c\000l\000e\000\040\000d\000e\000c\000o\000m\000p\000a\000c\000t\000i\000f\000i\000c\000a\000t\000i\000o\000n}{section.7.4}% 82
\BOOKMARK [2][]{subsection.7.4.3}{\376\377\0007\000.\0004\000.\0003\000\040\000T\000y\000p\000e\000\040\000I\000I\000I\000\040\000l\000i\000m\000i\000t\000s\000:\000\040\000P\000a\000r\000t\000i\000a\000l\000\040\000d\000e\000c\000o\000m\000p\000a\000c\000t\000i\000f\000i\000c\000a\000t\000i\000o\000n}{section.7.4}% 83
\BOOKMARK [2][]{subsection.7.4.4}{\376\377\0007\000.\0004\000.\0004\000\040\000T\000y\000p\000e\000\040\000I\000I\000\040\000l\000i\000m\000i\000t\000s\000:\000\040\000E\000m\000e\000r\000g\000e\000n\000t\000\040\000s\000t\000r\000i\000n\000g\000\040\000l\000i\000m\000i\000t\000s}{section.7.4}% 84
\BOOKMARK [2][]{subsection.7.4.5}{\376\377\0007\000.\0004\000.\0005\000\040\000C\000o\000m\000m\000e\000n\000t\000s\000\040\000a\000b\000o\000u\000t\000\040\000t\000h\000e\000\040\000c\000o\000m\000p\000l\000e\000x\000\040\000s\000t\000r\000u\000c\000t\000u\000r\000e\000\040\000m\000o\000d\000u\000l\000i\000\040\000s\000p\000a\000c\000e\000\040\000o\000f\000\040\000T\000y\000p\000e\000\040\000I\000I\000B}{section.7.4}% 85
\BOOKMARK [2][]{subsection.7.4.6}{\376\377\0007\000.\0004\000.\0006\000\040\000T\000h\000e\000\040\000h\000y\000p\000e\000r\000m\000u\000l\000t\000i\000p\000l\000e\000t\000\040\000m\000o\000d\000u\000l\000i\000\040\000s\000p\000a\000c\000e}{section.7.4}% 86
\BOOKMARK [1][]{section.7.5}{\376\377\0007\000.\0005\000\040\000O\000n\000\040\000t\000h\000e\000\040\000q\000u\000e\000s\000t\000\040\000f\000o\000r\000\040\000a\000\040\000b\000o\000t\000t\000o\000m\000-\000u\000p\000\040\000r\000a\000t\000i\000o\000n\000a\000l\000e}{chapter.7}% 87
\BOOKMARK [1][]{section.7.6}{\376\377\0007\000.\0006\000\040\000S\000u\000m\000m\000a\000r\000y}{chapter.7}% 88
\BOOKMARK [-1][]{part.5}{\376\377\000V\000\040\000C\000o\000n\000c\000l\000u\000s\000i\000o\000n\000s}{}% 89
\BOOKMARK [0][]{chapter.8}{\376\377\0008\000\040\000F\000i\000n\000a\000l\000\040\000C\000o\000m\000m\000e\000n\000t\000s}{part.5}% 90
\BOOKMARK [-1][]{part.6}{\376\377\000V\000I\000\040\000A\000p\000p\000e\000n\000d\000i\000c\000e\000s}{}% 91
\BOOKMARK [0][]{appendix.Alph1}{\376\377\000A\000\040\000C\000o\000n\000v\000e\000n\000t\000i\000o\000n\000s}{part.6}% 92
\BOOKMARK [0][]{appendix.Alph2}{\376\377\000B\000\040\000R\000e\000l\000e\000v\000a\000n\000t\000\040\000A\000u\000t\000o\000m\000o\000r\000p\000h\000i\000c\000\040\000F\000o\000r\000m\000s}{part.6}% 93
\BOOKMARK [1][]{section.Alph2.1}{\376\377\000B\000.\0001\000\040\000M\000a\000t\000h\000e\000m\000a\000t\000i\000c\000a\000l\000\040\000p\000r\000e\000l\000i\000m\000i\000n\000a\000r\000i\000e\000s}{appendix.Alph2}% 94
\BOOKMARK [1][]{section.Alph2.2}{\376\377\000B\000.\0002\000\040\000S\000L\000\050\0002\000,\000\040\000Z\000\051\000\040\000M\000a\000a\000s\000\040\000w\000a\000v\000e\000f\000o\000r\000m\000s}{appendix.Alph2}% 95
\BOOKMARK [1][]{section.Alph2.3}{\376\377\000B\000.\0003\000\040\000S\000L\000\050\0003\000,\000\040\000Z\000\051\000\040\000M\000a\000a\000s\000\040\000w\000a\000v\000e\000f\000o\000r\000m\000s}{appendix.Alph2}% 96
\BOOKMARK [0][]{appendix.Alph3}{\376\377\000C\000\040\000A\000\040\000H\000e\000a\000t\000\040\000K\000e\000r\000n\000e\000l\000\040\000P\000r\000i\000m\000e\000r}{part.6}% 97
\BOOKMARK [1][]{section.Alph3.1}{\376\377\000C\000.\0001\000\040\000T\000h\000e\000\040\000h\000e\000a\000t\000\040\000k\000e\000r\000n\000e\000l\000\040\000e\000x\000p\000a\000n\000s\000i\000o\000n}{appendix.Alph3}% 98
\BOOKMARK [1][]{section.Alph3.2}{\376\377\000C\000.\0002\000\040\000A\000\040\000o\000n\000e\000-\000l\000o\000o\000p\000\040\000c\000o\000r\000r\000e\000c\000t\000i\000o\000n\000\040\000t\000o\000\040\000t\000h\000e\000\040\000E\000i\000n\000s\000t\000e\000i\000n\000-\000H\000i\000l\000b\000e\000r\000t\000\040\000a\000c\000t\000i\000o\000n}{appendix.Alph3}% 99
\BOOKMARK [0][]{appendix.Alph4}{\376\377\000D\000\040\000L\000o\000o\000p\000\040\000C\000a\000l\000c\000u\000l\000a\000t\000i\000o\000n\000s}{part.6}% 100
\BOOKMARK [1][]{section.Alph4.1}{\376\377\000D\000.\0001\000\040\000S\000e\000l\000f\000-\000e\000n\000e\000r\000g\000y\000\040\000o\000f\000\040\000a\000\040\000m\000o\000d\000u\000l\000u\000s}{appendix.Alph4}% 101
\BOOKMARK [1][]{section.Alph4.2}{\376\377\000D\000.\0002\000\040\000S\000e\000l\000f\000-\000e\000n\000e\000r\000g\000y\000\040\000o\000f\000\040\000a\000\040\000g\000a\000u\000g\000e\000\040\0001\000-\000f\000o\000r\000m}{appendix.Alph4}% 102
\BOOKMARK [1][]{section.Alph4.3}{\376\377\000D\000.\0003\000\040\000S\000e\000l\000f\000-\000e\000n\000e\000r\000g\000y\000\040\000o\000f\000\040\000a\000\040\000W\000e\000y\000l\000\040\000f\000e\000r\000m\000i\000o\000n}{appendix.Alph4}% 103
\BOOKMARK [0][]{appendix.Alph5}{\376\377\000E\000\040\000G\000e\000n\000e\000r\000a\000l\000i\000t\000i\000e\000s\000\040\000o\000n\000\040\000c\000h\000a\000r\000g\000e\000-\000t\000o\000-\000m\000a\000s\000s\000\040\000a\000n\000d\000\040\000s\000p\000e\000c\000i\000e\000s\000\040\000v\000e\000c\000t\000o\000r\000s}{part.6}% 104
\BOOKMARK [1][]{section.Alph5.1}{\376\377\000E\000.\0001\000\040\000C\000o\000m\000p\000a\000c\000t\000i\000f\000i\000c\000a\000t\000i\000o\000n\000\040\000o\000n\000\040\000a\000n\000\040\000n\000-\000d\000i\000m\000e\000n\000s\000i\000o\000n\000a\000l\000\040\000c\000y\000c\000l\000e}{appendix.Alph5}% 105
\BOOKMARK [1][]{section.Alph5.2}{\376\377\000E\000.\0002\000\040\000G\000e\000n\000e\000r\000a\000l\000i\000z\000a\000t\000i\000o\000n\000\040\000t\000o\000\040\000`\000n\000e\000s\000t\000e\000d\000'\000\040\000c\000o\000m\000p\000a\000c\000t\000i\000f\000i\000c\000a\000t\000i\000o\000n\000s}{appendix.Alph5}% 106
\BOOKMARK [0][]{appendix.Alph6}{\376\377\000F\000\040\000D\000e\000t\000a\000i\000l\000s\000\040\000o\000n\000\040\000t\000h\000e\000\040\000H\000y\000p\000e\000r\000m\000u\000l\000t\000i\000p\000l\000e\000t\000\040\000M\000e\000t\000r\000i\000c}{part.6}% 107
\BOOKMARK [1][]{section.Alph6.1}{\376\377\000F\000.\0001\000\040\000T\000h\000e\000\040\000m\000o\000d\000u\000l\000i\000\040\000s\000p\000a\000c\000e\000\040\000m\000e\000t\000r\000i\000c}{appendix.Alph6}% 108
\BOOKMARK [2][]{subsection.Alph6.1.1}{\376\377\000F\000.\0001\000.\0001\000\040\000T\000h\000e\000\040\000c\000o\000n\000t\000a\000c\000t\000\040\000p\000o\000t\000e\000n\000t\000i\000a\000l\000\040\000I\000I\000A}{section.Alph6.1}% 109
\BOOKMARK [1][]{section.Alph6.2}{\376\377\000F\000.\0002\000\040\000S\000L\000\050\0002\000,\000Z\000\051\000\040\000d\000u\000a\000l\000i\000t\000y}{appendix.Alph6}% 110
\BOOKMARK [2][]{subsection.Alph6.2.1}{\376\377\000F\000.\0002\000.\0001\000\040\000T\000h\000e\000\040\000c\000l\000a\000s\000s\000i\000c\000a\000l\000\040\000m\000e\000t\000r\000i\000c}{section.Alph6.2}% 111
\BOOKMARK [2][]{subsection.Alph6.2.2}{\376\377\000F\000.\0002\000.\0002\000\040\000Q\000u\000a\000n\000t\000u\000m\000\040\000c\000o\000r\000r\000e\000c\000t\000i\000o\000n\000s}{section.Alph6.2}% 112
\BOOKMARK [1][]{section.Alph6.3}{\376\377\000F\000.\0003\000\040\000T\000h\000e\000\040\000e\000v\000a\000l\000u\000a\000t\000i\000o\000n\000\040\000o\000f\000\040\000t\000h\000e\000\040\000p\000a\000t\000t\000e\000r\000n\000\040\000w\000i\000t\000h\000i\000n\000\040\000M\000H\000M}{appendix.Alph6}% 113
\BOOKMARK [0][]{appendix*.145}{\376\377\000B\000i\000b\000l\000i\000o\000g\000r\000a\000p\000h\000y}{part.6}% 114
